#
# There is insufficient memory for the Java Runtime Environment to continue.
# Native memory allocation (mmap) failed to map 96468992 bytes for G1 virtual space
# Possible reasons:
#   The system is out of physical RAM or swap space
#   The process is running with CompressedOops enabled, and the Java Heap may be blocking the growth of the native heap
# Possible solutions:
#   Reduce memory load on the system
#   Increase physical memory or swap space
#   Check if swap backing store is full
#   Decrease Java heap size (-Xmx/-Xms)
#   Decrease number of Java threads
#   Decrease Java thread stack sizes (-Xss)
#   Set larger code cache with -XX:ReservedCodeCacheSize=
#   JVM is running with Zero Based Compressed Oops mode in which the Java heap is
#     placed in the first 32GB address space. The Java Heap base address is the
#     maximum limit for the native heap growth. Please use -XX:HeapBaseMinAddress
#     to set the Java Heap base and to place the Java Heap above 32GB virtual address.
# This output file may be truncated or incomplete.
#
#  Out of Memory Error (os_windows.cpp:3550), pid=6072, tid=11472
#
# JRE version: Java(TM) SE Runtime Environment (17.0.7+8) (build 17.0.7+8-LTS-224)
# Java VM: Java HotSpot(TM) 64-Bit Server VM (17.0.7+8-LTS-224, mixed mode, sharing, tiered, compressed oops, compressed class ptrs, g1 gc, windows-amd64)
# No core dump will be written. Minidumps are not enabled by default on client versions of Windows
#

---------------  S U M M A R Y ------------

Command Line: -Dclassworlds.conf=C:\apache-maven-3.9.3\bin\m2.conf -Dmaven.home=C:\apache-maven-3.9.3 -Dlibrary.jansi.path=C:\apache-maven-3.9.3\lib\jansi-native -Dmaven.multiModuleProjectDirectory=D:\webService\webService org.codehaus.plexus.classworlds.launcher.Launcher clean install

Host: AMD Ryzen 3 3200U with Radeon Vega Mobile Gfx  , 3 cores, 9G,  Windows 11 , 64 bit Build 22621 (10.0.22621.3527)
Time: Fri Jun  7 12:51:01 2024 Paris, Madrid (heure duild 22621 (10.0.22621.3527) elapsed time: 18.872930 seconds (0d 0h 0m 18s)

---------------  T H R E A D  ---------------

Current thread (0x000002351e79d7a0):  VMThread "VM Thread" [stack: 0x000000d4a0300000,0x000000d4a0400000] [id=11472]

Stack: [0x000000d4a0300000,0x000000d4a0400000]
Native frames: (J=compiled Java code, j=interpreted, Vv=VM code, C=native code)
V  [jvm.dll+0x676a4a]
V  [jvm.dll+0x7d74f4]
V  [jvm.dll+0x7d8c9e]
V  [jvm.dll+0x7d9303]
V  [jvm.dll+0x2452c5]
V  [jvm.dll+0x6738f9]
V  [jvm.dll+0x668232]
V  [jvm.dll+0x302826]
V  [jvm.dll+0x309da6]
V  [jvm.dll+0x35952e]
V  [jvm.dll+0x35975f]
V  [jvm.dll+0x2d9a38]
V  [jvm.dll+0x2d7e45]
V  [jvm.dll+0x2d744c]
V  [jvm.dll+0x31ab1b]
V  [jvm.dll+0x7ddb0b]
V  [jvm.dll+0x7de844]
V  [jvm.dll+0x7ded5d]
V  [jvm.dll+0x7df134]
V  [jvm.dll+0x7df200]
V  [jvm.dll+0x78759a]
V  [jvm.dll+0x675875]
C  [ucrtbase.dll+0x29333]
C  [KERNEL32.DLL+0x1257d]
C  [ntdll.dll+0x5aa48]

VM_Operation (0x000000d49fdfca20): G1CollectForAllocation, mode: safepoint, requested by thread 0x000002357ddf3330


---------------  P R O C E S S  ---------------

Threads class SMR info:
_java_thread_list=0x000002351f4b2510, length=12, elements={
0x000002357ddf3330, 0x000002351e7a33a0, 0x000002351e7a4210, 0x000002351e7bc6b0,
0x000002351e7bf170, 0x000002351e7c0b30, 0x000002351e7cc9f0, 0x000002351e7cf3a0,
0x000002351e7cfe60, 0x000002351e7d2870, 0x000002351f4af690, 0x000002351f4b5e10
}

Java Threads: ( => current thread )
  0x000002357ddf3330 JavaThread "main" [_thread_blocked, id=14140, stack(0x000000d49fd00000,0x000000d49fe00000)]
  0x000002351e7a33a0 JavaThread "Reference Handler" daemon [_thread_blocked, id=16160, stack(0x000000d4a0400000,0x000000d4a0500000)]
  0x000002351e7a4210 JavaThread "Finalizer" daemon [_thread_blocked, id=18084, stack(0x000000d4a0500000,0x000000d4a0600000)]
  0x000002351e7bc6b0 JavaThread "Signal Dispatcher" daemon [_thread_blocked, id=452, stack(0x000000d4a0700000,0x000000d4a0800000)]
  0x000002351e7bf170 JavaThread "Attach Listener" daemon [_thread_blocked, id=11000, stack(0x000000d4a0800000,0x000000d4a0900000)]
  0x000002351e7c0b30 JavaThread "Service Thread" daemon [_thread_blocked, id=11396, stack(0x000000d4a0900000,0x000000d4a0a00000)]
  0x000002351e7cc9f0 JavaThread "Monitor Deflation Thread" daemon [_thread_blocked, id=12356, stack(0x000000d4a0a00000,0x000000d4a0b00000)]
  0x000002351e7cf3a0 JavaThread "C2 CompilerThread0" daemon [_thread_blocked, id=7124, stack(0x000000d4a0b00000,0x000000d4a0c00000)]
  0x000002351e7cfe60 JavaThread "C1 CompilerThread0" daemon [_thread_blocked, id=11152, stack(0x000000d4a0c00000,0x000000d4a0d00000)]
  0x000002351e7d2870 JavaThread "Sweeper thread" daemon [_thread_blocked, id=15184, stack(0x000000d4a0d00000,0x000000d4a0e00000)]
  0x000002351f4af690 JavaThread "Notification Thread" daemon [_thread_blocked, id=5092, stack(0x000000d4a0e00000,0x000000d4a0f00000)]
  0x000002351f4b5e10 JavaThread "Common-Cleaner" daemon [_thread_blocked, id=14488, stack(0x000000d4a1000000,0x000000d4a1100000)]

Other Threads:
=>0x000002351e79d7a0 VMThread "VM Thread" [stack: 0x000000d4a0300000,0x000000d4a0400000] [id=11472]
  0x000002351f4b5b80 WatcherThread [stack: 0x000000d4a0f00000,0x000000d4a1000000] [id=4016]
  0x000002357de42c40 GCTaskThread "GC Thread#0" [stack: 0x000000d49fe00000,0x000000d49ff00000] [id=2324]
  0x000002351f819970 GCTaskThread "GC Thread#1" [stack: 0x000000d4a1100000,0x000000d4a1200000] [id=11948]
  0x000002351f819c20 GCTaskThread "GC Thread#2" [stack: 0x000000d4a1200000,0x000000d4a1300000] [id=3172]
  0x000002357de4da90 ConcurrentGCThread "G1 Main Marker" [stack: 0x000000d49ff00000,0x000000d4a0000000] [id=20392]
  0x000002357de4e4a0 ConcurrentGCThread "G1 Conc#0" [stack: 0x000000d4a0000000,0x000000d4a0100000] [id=12228]
  0x000002351e670090 ConcurrentGCThread "G1 Refine#0" [stack: 0x000000d4a0100000,0x000000d4a0200000] [id=19348]
  0x0000023520fceab0 ConcurrentGCThread "G1 Refine#1" [stack: 0x000000d4a1300000,0x000000d4a1400000] [id=1160]
  0x000002351f43c760 ConcurrentGCThread "G1 Refine#2" [stack: 0x000000d4a1400000,0x000000d4a1500000] [id=18832]
  0x000002351e670ab0 ConcurrentGCThread "G1 Service" [stack: 0x000000d4a0200000,0x000000d4a0300000] [id=11516]

Threads with active compile tasks:
C2 CompilerThread0    18933 8894       4       com.sun.tools.javac.comp.Resolve::findInheritedMemberType (186 bytes)

VM state: at safepoint (normal execution)

VM Mutex/Monitor currently owned by a thread:  ([mutex/lock_event])
[0x000002357ddee410] Threads_lock - owner thread: 0x000002351e79d7a0
[0x000002357ddeead0] Heap_lock - owner thread: 0x000002357ddf3330

Heap address: 0x0000000760e00000, size: 2546 MB, Compressed Oops mode: Zero based, Oop shift amount: 3

CDS archive(s) mapped at: [0x0000000800000000-0x0000000800bd0000-0x0000000800bd0000), size 12386304, SharedBaseAddress: 0x0000000800000000, ArchiveRelocationMode: 0.
Compressed class space mapped at: 0x0000000800c00000-0x0000000840c00000, reserved size: 1073741824
Narrow klass base: 0x0000000800000000, Narrow klass shift: 0, Narrow klass range: 0x100000000

GC Precious Log:
 CPUs: 3 total, 3 available
 Memory: 10178M
 Large Page Support: Disabled
 NUMA Support: Disabled
 Compressed Oops: Enabled (Zero based)
 Heap Region Size: 2M
 Heap Min Capacity: 8M
 Heap Initial Capacity: 160M
 Heap Max Capacity: 2546M
 Pre-touch: Disabled
 Parallel Workers: 3
 Concurrent Workers: 1
 Concurrent Refinement Workers: 3
 Periodic GC: Disabled

Heap:
 garbage-first heap   total 172032K, used 53110K [0x0000000760e00000, 0x0000000800000000)
  region size 2048K, 3 young (6144K), 3 survivors (6144K)
 Metaspace       used 31922K, committed 32256K, reserved 1081344K
  class space    used 3570K, committed 3712K, reserved 1048576K

Heap Regions: E=young(eden), S=young(survivor), O=old, HS=humongous(starts), HC=humongous(continues), CS=collection set, F=free, OA=open archive, CA=closed archive, TAMS=top-at-mark-start (previous, next)
|   0|0x0000000760e00000, 0x0000000761000000, 0x0000000761000000|100%| O|  |TAMS 0x0000000761000000, 0x0000000760e00000| Untracked 
|   1|0x0000000761000000, 0x0000000761200000, 0x0000000761200000|100%| O|  |TAMS 0x0000000761200000, 0x0000000761000000| Untracked 
|   2|0x0000000761200000, 0x0000000761400000, 0x0000000761400000|100%| O|  |TAMS 0x0000000761400000, 0x0000000761200000| Untracked 
|   3|0x0000000761400000, 0x0000000761600000, 0x0000000761600000|100%| O|  |TAMS 0x0000000761600000, 0x0000000761400000| Untracked 
|   4|0x0000000761600000, 0x0000000761800000, 0x0000000761800000|100%|HS|  |TAMS 0x0000000761800000, 0x0000000761600000| Complete 
|   5|0x0000000761800000, 0x0000000761a00000, 0x0000000761a00000|100%| O|  |TAMS 0x0000000761a00000, 0x0000000761800000| Untracked 
|   6|0x0000000761a00000, 0x0000000761c00000, 0x0000000761c00000|100%| O|  |TAMS 0x0000000761c00000, 0x0000000761a00000| Untracked 
|   7|0x0000000761c00000, 0x0000000761e00000, 0x0000000761e00000|100%| O|  |TAMS 0x0000000761e00000, 0x0000000761c00000| Untracked 
|   8|0x0000000761e00000, 0x0000000762000000, 0x0000000762000000|100%| O|  |TAMS 0x0000000762000000, 0x0000000761e00000| Untracked 
|   9|0x0000000762000000, 0x0000000762200000, 0x0000000762200000|100%| O|  |TAMS 0x0000000762200000, 0x0000000762000000| Untracked 
|  10|0x0000000762200000, 0x0000000762400000, 0x0000000762400000|100%| O|  |TAMS 0x0000000762200000, 0x0000000762200000| Untracked 
|  11|0x0000000762400000, 0x0000000762600000, 0x0000000762600000|100%| O|  |TAMS 0x0000000762600000, 0x0000000762400000| Untracked 
|  12|0x0000000762600000, 0x0000000762800000, 0x0000000762800000|100%| O|  |TAMS 0x0000000762800000, 0x0000000762600000| Untracked 
|  13|0x0000000762800000, 0x0000000762886400, 0x0000000762a00000| 26%| O|  |TAMS 0x0000000762800000, 0x0000000762800000| Untracked 
|  14|0x0000000762a00000, 0x0000000762a00000, 0x0000000762c00000|  0%| F|  |TAMS 0x0000000762a00000, 0x0000000762a00000| Untracked 
|  15|0x0000000762c00000, 0x0000000762c00000, 0x0000000762e00000|  0%| F|  |TAMS 0x0000000762c00000, 0x0000000762c00000| Untracked 
|  16|0x0000000762e00000, 0x0000000762e00000, 0x0000000763000000|  0%| F|  |TAMS 0x0000000762e00000, 0x0000000762e00000| Untracked 
|  17|0x0000000763000000, 0x0000000763000000, 0x0000000763200000|  0%| F|  |TAMS 0x0000000763000000, 0x0000000763000000| Untracked 
|  18|0x0000000763200000, 0x0000000763200000, 0x0000000763400000|  0%| F|  |TAMS 0x0000000763200000, 0x0000000763200000| Untracked 
|  19|0x0000000763400000, 0x0000000763600000, 0x0000000763600000|100%| O|  |TAMS 0x0000000763600000, 0x0000000763400000| Untracked 
|  20|0x0000000763600000, 0x0000000763800000, 0x0000000763800000|100%| O|  |TAMS 0x0000000763800000, 0x0000000763600000| Untracked 
|  21|0x0000000763800000, 0x0000000763a00000, 0x0000000763a00000|100%| O|  |TAMS 0x0000000763a00000, 0x0000000763800000| Untracked 
|  22|0x0000000763a00000, 0x0000000763c00000, 0x0000000763c00000|100%| O|  |TAMS 0x0000000763c00000, 0x0000000763a00000| Untracked 
|  23|0x0000000763c00000, 0x0000000763e00000, 0x0000000763e00000|100%| O|  |TAMS 0x0000000763e00000, 0x0000000763c00000| Untracked 
|  24|0x0000000763e00000, 0x0000000764000000, 0x0000000764000000|100%| O|  |TAMS 0x0000000763f00000, 0x0000000763e00000| Untracked 
|  25|0x0000000764000000, 0x0000000764000000, 0x0000000764200000|  0%| F|  |TAMS 0x0000000764000000, 0x0000000764000000| Untracked 
|  26|0x0000000764200000, 0x0000000764200000, 0x0000000764400000|  0%| F|  |TAMS 0x0000000764200000, 0x0000000764200000| Untracked 
|  27|0x0000000764400000, 0x0000000764400000, 0x0000000764600000|  0%| F|  |TAMS 0x0000000764400000, 0x0000000764400000| Untracked 
|  28|0x0000000764600000, 0x0000000764600000, 0x0000000764800000|  0%| F|  |TAMS 0x0000000764600000, 0x0000000764600000| Untracked 
|  29|0x0000000764800000, 0x0000000764800000, 0x0000000764a00000|  0%| F|  |TAMS 0x0000000764800000, 0x0000000764800000| Untracked 
|  30|0x0000000764a00000, 0x0000000764a00000, 0x0000000764c00000|  0%| F|  |TAMS 0x0000000764a00000, 0x0000000764a00000| Untracked 
|  31|0x0000000764c00000, 0x0000000764d57410, 0x0000000764e00000| 67%| S|CS|TAMS 0x0000000764c00000, 0x0000000764c00000| Complete 
|  32|0x0000000764e00000, 0x0000000765000000, 0x0000000765000000|100%| S|CS|TAMS 0x0000000764e00000, 0x0000000764e00000| Complete 
|  33|0x0000000765000000, 0x0000000765200000, 0x0000000765200000|100%| S|CS|TAMS 0x0000000765000000, 0x0000000765000000| Complete 
|  34|0x0000000765200000, 0x0000000765200000, 0x0000000765400000|  0%| F|  |TAMS 0x0000000765200000, 0x0000000765200000| Untracked 
|  35|0x0000000765400000, 0x0000000765400000, 0x0000000765600000|  0%| F|  |TAMS 0x0000000765400000, 0x0000000765400000| Untracked 
|  36|0x0000000765600000, 0x0000000765600000, 0x0000000765800000|  0%| F|  |TAMS 0x0000000765600000, 0x0000000765600000| Untracked 
|  37|0x0000000765800000, 0x0000000765800000, 0x0000000765a00000|  0%| F|  |TAMS 0x0000000765800000, 0x0000000765800000| Untracked 
|  38|0x0000000765a00000, 0x0000000765a00000, 0x0000000765c00000|  0%| F|  |TAMS 0x0000000765a00000, 0x0000000765a00000| Untracked 
|  39|0x0000000765c00000, 0x0000000765c00000, 0x0000000765e00000|  0%| F|  |TAMS 0x0000000765c00000, 0x0000000765c00000| Untracked 
|  40|0x0000000765e00000, 0x0000000765e00000, 0x0000000766000000|  0%| F|  |TAMS 0x0000000765e00000, 0x0000000765e00000| Untracked 
|  41|0x0000000766000000, 0x0000000766000000, 0x0000000766200000|  0%| F|  |TAMS 0x0000000766000000, 0x0000000766000000| Untracked 
|  42|0x0000000766200000, 0x0000000766200000, 0x0000000766400000|  0%| F|  |TAMS 0x0000000766200000, 0x0000000766200000| Untracked 
|  43|0x0000000766400000, 0x0000000766400000, 0x0000000766600000|  0%| F|  |TAMS 0x0000000766400000, 0x0000000766400000| Untracked 
|  44|0x0000000766600000, 0x0000000766600000, 0x0000000766800000|  0%| F|  |TAMS 0x0000000766600000, 0x0000000766600000| Untracked 
|  45|0x0000000766800000, 0x0000000766800000, 0x0000000766a00000|  0%| F|  |TAMS 0x0000000766800000, 0x0000000766800000| Untracked 
|  46|0x0000000766a00000, 0x0000000766a00000, 0x0000000766c00000|  0%| F|  |TAMS 0x0000000766a00000, 0x0000000766a00000| Untracked 
|  47|0x0000000766c00000, 0x0000000766c00000, 0x0000000766e00000|  0%| F|  |TAMS 0x0000000766c00000, 0x0000000766c00000| Untracked 
|  48|0x0000000766e00000, 0x0000000766e00000, 0x0000000767000000|  0%| F|  |TAMS 0x0000000766e00000, 0x0000000766e00000| Untracked 
|  49|0x0000000767000000, 0x0000000767000000, 0x0000000767200000|  0%| F|  |TAMS 0x0000000767000000, 0x0000000767000000| Untracked 
|  50|0x0000000767200000, 0x0000000767200000, 0x0000000767400000|  0%| F|  |TAMS 0x0000000767200000, 0x0000000767200000| Untracked 
|  51|0x0000000767400000, 0x0000000767400000, 0x0000000767600000|  0%| F|  |TAMS 0x0000000767400000, 0x0000000767400000| Untracked 
|  52|0x0000000767600000, 0x0000000767600000, 0x0000000767800000|  0%| F|  |TAMS 0x0000000767600000, 0x0000000767600000| Untracked 
|  53|0x0000000767800000, 0x0000000767800000, 0x0000000767a00000|  0%| F|  |TAMS 0x0000000767800000, 0x0000000767800000| Untracked 
|  54|0x0000000767a00000, 0x0000000767a00000, 0x0000000767c00000|  0%| F|  |TAMS 0x0000000767a00000, 0x0000000767a00000| Untracked 
|  55|0x0000000767c00000, 0x0000000767c00000, 0x0000000767e00000|  0%| F|  |TAMS 0x0000000767c00000, 0x0000000767c00000| Untracked 
|  56|0x0000000767e00000, 0x0000000767e00000, 0x0000000768000000|  0%| F|  |TAMS 0x0000000767e00000, 0x0000000767e00000| Untracked 
|  57|0x0000000768000000, 0x0000000768000000, 0x0000000768200000|  0%| F|  |TAMS 0x0000000768000000, 0x0000000768000000| Untracked 
|  58|0x0000000768200000, 0x0000000768200000, 0x0000000768400000|  0%| F|  |TAMS 0x0000000768200000, 0x0000000768200000| Untracked 
|  59|0x0000000768400000, 0x0000000768400000, 0x0000000768600000|  0%| F|  |TAMS 0x0000000768400000, 0x0000000768400000| Untracked 
|  60|0x0000000768600000, 0x0000000768600000, 0x0000000768800000|  0%| F|  |TAMS 0x0000000768600000, 0x0000000768600000| Untracked 
|  61|0x0000000768800000, 0x0000000768800000, 0x0000000768a00000|  0%| F|  |TAMS 0x0000000768800000, 0x0000000768800000| Untracked 
|  62|0x0000000768a00000, 0x0000000768a00000, 0x0000000768c00000|  0%| F|  |TAMS 0x0000000768a00000, 0x0000000768a00000| Untracked 
|  63|0x0000000768c00000, 0x0000000768c00000, 0x0000000768e00000|  0%| F|  |TAMS 0x0000000768c00000, 0x0000000768c00000| Untracked 
|  64|0x0000000768e00000, 0x0000000768e00000, 0x0000000769000000|  0%| F|  |TAMS 0x0000000768e00000, 0x0000000768e00000| Untracked 
|  65|0x0000000769000000, 0x0000000769000000, 0x0000000769200000|  0%| F|  |TAMS 0x0000000769000000, 0x0000000769000000| Untracked 
|  66|0x0000000769200000, 0x0000000769200000, 0x0000000769400000|  0%| F|  |TAMS 0x0000000769200000, 0x0000000769200000| Untracked 
|  67|0x0000000769400000, 0x0000000769400000, 0x0000000769600000|  0%| F|  |TAMS 0x0000000769400000, 0x0000000769400000| Untracked 
|  68|0x0000000769600000, 0x0000000769600000, 0x0000000769800000|  0%| F|  |TAMS 0x0000000769600000, 0x0000000769600000| Untracked 
|  69|0x0000000769800000, 0x0000000769800000, 0x0000000769a00000|  0%| F|  |TAMS 0x0000000769800000, 0x0000000769800000| Untracked 
|  70|0x0000000769a00000, 0x0000000769a00000, 0x0000000769c00000|  0%| F|  |TAMS 0x0000000769a00000, 0x0000000769a00000| Untracked 
|  71|0x0000000769c00000, 0x0000000769c00000, 0x0000000769e00000|  0%| F|  |TAMS 0x0000000769c00000, 0x0000000769c00000| Untracked 
|  72|0x0000000769e00000, 0x0000000769e00000, 0x000000076a000000|  0%| F|  |TAMS 0x0000000769e00000, 0x0000000769e00000| Untracked 
|  73|0x000000076a000000, 0x000000076a000000, 0x000000076a200000|  0%| F|  |TAMS 0x000000076a000000, 0x000000076a000000| Untracked 
|  74|0x000000076a200000, 0x000000076a200000, 0x000000076a400000|  0%| F|  |TAMS 0x000000076a200000, 0x000000076a200000| Untracked 
|  75|0x000000076a400000, 0x000000076a400000, 0x000000076a600000|  0%| F|  |TAMS 0x000000076a400000, 0x000000076a400000| Untracked 
|  76|0x000000076a600000, 0x000000076a600000, 0x000000076a800000|  0%| F|  |TAMS 0x000000076a600000, 0x000000076a600000| Untracked 
|  77|0x000000076a800000, 0x000000076a800000, 0x000000076aa00000|  0%| F|  |TAMS 0x000000076a800000, 0x000000076a800000| Untracked 
|  78|0x000000076aa00000, 0x000000076aa00000, 0x000000076ac00000|  0%| F|  |TAMS 0x000000076aa00000, 0x000000076aa00000| Untracked 
|  79|0x000000076ac00000, 0x000000076ac00000, 0x000000076ae00000|  0%| F|  |TAMS 0x000000076ac00000, 0x000000076ac00000| Untracked 
|1269|0x00000007ff800000, 0x00000007ffa00000, 0x00000007ffa00000|100%| O|  |TAMS 0x00000007ffa00000, 0x00000007ff800000| Untracked 
|1270|0x00000007ffa00000, 0x00000007ffc00000, 0x00000007ffc00000|100%| O|  |TAMS 0x00000007ffc00000, 0x00000007ffa00000| Untracked 
|1271|0x00000007ffc00000, 0x00000007ffe00000, 0x00000007ffe00000|100%| O|  |TAMS 0x00000007ffe00000, 0x00000007ffc00000| Untracked 
|1272|0x00000007ffe00000, 0x0000000800000000, 0x0000000800000000|100%| O|  |TAMS 0x0000000800000000, 0x00000007ffe00000| Untracked 

Card table byte_map: [0x0000023516cb0000,0x00000235171b0000] _byte_map_base: 0x00000235131a9000

Marking Bits (Prev, Next): (CMBitMap*) 0x000002357de43250, (CMBitMap*) 0x000002357de43290
 Prev Bits: [0x00000235176b0000, 0x0000023519e78000)
 Next Bits: [0x0000023519e80000, 0x000002351c648000)

Polling page: 0x000002357dec0000

Metaspace:

Usage:
  Non-class:     27.69 MB used.
      Class:      3.49 MB used.
       Both:     31.17 MB used.

Virtual space:
  Non-class space:       32.00 MB reserved,      27.88 MB ( 87%) committed,  4 nodes.
      Class space:        1.00 GB reserved,       3.62 MB ( <1%) committed,  1 nodes.
             Both:        1.03 GB reserved,      31.50 MB (  3%) committed. 

Chunk freelists:
   Non-Class:  46.00 KB
       Class:  331.00 KB
        Both:  377.00 KB

MaxMetaspaceSize: unlimited
CompressedClassSpaceSize: 1.00 GB
Initial GC threshold: 21.00 MB
Current GC threshold: 46.56 MB
CDS: on
MetaspaceReclaimPolicy: balanced
 - commit_granule_bytes: 65536.
 - commit_granule_words: 8192.
 - virtual_space_node_default_size: 1048576.
 - enlarge_chunks_in_place: 1.
 - new_chunks_are_fully_committed: 0.
 - uncommit_free_chunks: 1.
 - use_allocation_guard: 0.
 - handle_deallocations: 1.


Internal statistics:

num_allocs_failed_limit: 9.
num_arena_births: 276.
num_arena_deaths: 0.
num_vsnodes_births: 5.
num_vsnodes_deaths: 0.
num_space_committed: 504.
num_space_uncommitted: 0.
num_chunks_returned_to_freelist: 9.
num_chunks_taken_from_freelist: 1488.
num_chunk_merges: 9.
num_chunk_splits: 1014.
num_chunks_enlarged: 743.
num_purges: 0.
num_inconsistent_stats: 0.

CodeHeap 'non-profiled nmethods': size=120064Kb used=3225Kb max_used=3225Kb free=116838Kb
 bounds [0x000002350f270000, 0x000002350f5a0000, 0x00000235167b0000]
CodeHeap 'profiled nmethods': size=120000Kb used=16836Kb max_used=16836Kb free=103164Kb
 bounds [0x00000235077b0000, 0x0000023508830000, 0x000002350ece0000]
CodeHeap 'non-nmethods': size=5696Kb used=1221Kb max_used=1276Kb free=4474Kb
 bounds [0x000002350ece0000, 0x000002350ef50000, 0x000002350f270000]
 total_blobs=8462 nmethods=7935 adapters=439
 compilation: enabled
              stopped_count=0, restarted_count=0
 full_count=0

Compilation events (20 events):
Event: 18.768 Thread 0x000002351e7cfe60 9101       2       sun.nio.fs.WindowsPathParser::parseNormalizedPath (6 bytes)
Event: 18.768 Thread 0x000002351e7cfe60 nmethod 9101 0x000002350881d390 code [0x000002350881d520, 0x000002350881d628]
Event: 18.771 Thread 0x000002351e7cfe60 9104       2       java.util.jar.JarInputStream::createZipEntry (30 bytes)
Event: 18.772 Thread 0x000002351e7cfe60 nmethod 9104 0x000002350881d710 code [0x000002350881d8c0, 0x000002350881db58]
Event: 18.772 Thread 0x000002351e7cfe60 9105       2       java.util.jar.Attributes::<init> (7 bytes)
Event: 18.773 Thread 0x000002351e7cfe60 nmethod 9105 0x000002350881dd10 code [0x000002350881dee0, 0x000002350881e108]
Event: 18.773 Thread 0x000002351e7cfe60 9106       2       java.util.jar.Manifest$FastInputStream::<init> (9 bytes)
Event: 18.774 Thread 0x000002351e7cfe60 nmethod 9106 0x000002350881e210 code [0x000002350881e3a0, 0x000002350881e638]
Event: 18.774 Thread 0x000002351e7cfe60 9107       2       java.util.jar.Manifest$FastInputStream::<init> (23 bytes)
Event: 18.774 Thread 0x000002351e7cfe60 nmethod 9107 0x000002350881e710 code [0x000002350881e8a0, 0x000002350881eb38]
Event: 18.791 Thread 0x000002351e7cfe60 9108       2       sun.nio.fs.WindowsSecurityDescriptor::release (75 bytes)
Event: 18.793 Thread 0x000002351e7cfe60 nmethod 9108 0x000002350881ec10 code [0x000002350881ee00, 0x000002350881f0d8]
Event: 18.795 Thread 0x000002351e7cfe60 9109       2       sun.nio.fs.WindowsPath::getNameCount (10 bytes)
Event: 18.796 Thread 0x000002351e7cfe60 nmethod 9109 0x000002350881f290 code [0x000002350881f420, 0x000002350881f568]
Event: 18.798 Thread 0x000002351e7cfe60 9110       2       java.io.ByteArrayInputStream::<init> (26 bytes)
Event: 18.799 Thread 0x000002351e7cfe60 nmethod 9110 0x000002350881f610 code [0x000002350881f7a0, 0x000002350881f918]
Event: 18.833 Thread 0x000002351e7cfe60 9111   !   2       sun.nio.fs.WindowsPath::createFromNormalizedPath (65 bytes)
Event: 18.834 Thread 0x000002351e7cfe60 nmethod 9111 0x000002350881fa10 code [0x000002350881fc00, 0x0000023508820138]
Event: 18.837 Thread 0x000002351e7cfe60 9112   !   2       sun.nio.fs.WindowsFileSystemProvider::newByteChannel (71 bytes)
Event: 18.839 Thread 0x000002351e7cfe60 nmethod 9112 0x0000023508820410 code [0x0000023508820640, 0x0000023508820b48]

GC Heap History (20 events):
Event: 1.306 GC heap after
{Heap after GC invocations=3 (full 0):
 garbage-first heap   total 163840K, used 3990K [0x0000000760e00000, 0x0000000800000000)
  region size 2048K, 1 young (2048K), 1 survivors (2048K)
 Metaspace       used 5511K, committed 5696K, reserved 1056768K
  class space    used 670K, committed 768K, reserved 1048576K
}
Event: 4.084 GC heap before
{Heap before GC invocations=3 (full 0):
 garbage-first heap   total 163840K, used 65430K [0x0000000760e00000, 0x0000000800000000)
  region size 2048K, 31 young (63488K), 1 survivors (2048K)
 Metaspace       used 14523K, committed 14720K, reserved 1064960K
  class space    used 1763K, committed 1856K, reserved 1048576K
}
Event: 4.101 GC heap after
{Heap after GC invocations=4 (full 0):
 garbage-first heap   total 163840K, used 9449K [0x0000000760e00000, 0x0000000800000000)
  region size 2048K, 4 young (8192K), 4 survivors (8192K)
 Metaspace       used 14523K, committed 14720K, reserved 1064960K
  class space    used 1763K, committed 1856K, reserved 1048576K
}
Event: 7.060 GC heap before
{Heap before GC invocations=4 (full 0):
 garbage-first heap   total 163840K, used 99561K [0x0000000760e00000, 0x0000000800000000)
  region size 2048K, 48 young (98304K), 4 survivors (8192K)
 Metaspace       used 16155K, committed 16384K, reserved 1064960K
  class space    used 1871K, committed 1984K, reserved 1048576K
}
Event: 7.093 GC heap after
{Heap after GC invocations=5 (full 0):
 garbage-first heap   total 163840K, used 16460K [0x0000000760e00000, 0x0000000800000000)
  region size 2048K, 6 young (12288K), 6 survivors (12288K)
 Metaspace       used 16155K, committed 16384K, reserved 1064960K
  class space    used 1871K, committed 1984K, reserved 1048576K
}
Event: 9.019 GC heap before
{Heap before GC invocations=5 (full 0):
 garbage-first heap   total 163840K, used 59468K [0x0000000760e00000, 0x0000000800000000)
  region size 2048K, 26 young (53248K), 6 survivors (12288K)
 Metaspace       used 21134K, committed 21504K, reserved 1073152K
  class space    used 2487K, committed 2688K, reserved 1048576K
}
Event: 9.056 GC heap after
{Heap after GC invocations=6 (full 0):
 garbage-first heap   total 163840K, used 26683K [0x0000000760e00000, 0x0000000800000000)
  region size 2048K, 3 young (6144K), 3 survivors (6144K)
 Metaspace       used 21134K, committed 21504K, reserved 1073152K
  class space    used 2487K, committed 2688K, reserved 1048576K
}
Event: 10.719 GC heap before
{Heap before GC invocations=7 (full 0):
 garbage-first heap   total 102400K, used 81979K [0x0000000760e00000, 0x0000000800000000)
  region size 2048K, 31 young (63488K), 3 survivors (6144K)
 Metaspace       used 26128K, committed 26432K, reserved 1073152K
  class space    used 3013K, committed 3136K, reserved 1048576K
}
Event: 10.765 GC heap after
{Heap after GC invocations=8 (full 0):
 garbage-first heap   total 110592K, used 43010K [0x0000000760e00000, 0x0000000800000000)
  region size 2048K, 6 young (12288K), 6 survivors (12288K)
 Metaspace       used 26128K, committed 26432K, reserved 1073152K
  class space    used 3013K, committed 3136K, reserved 1048576K
}
Event: 10.847 GC heap before
{Heap before GC invocations=8 (full 0):
 garbage-first heap   total 110592K, used 45058K [0x0000000760e00000, 0x0000000800000000)
  region size 2048K, 7 young (14336K), 6 survivors (12288K)
 Metaspace       used 26158K, committed 26432K, reserved 1073152K
  class space    used 3014K, committed 3136K, reserved 1048576K
}
Event: 10.891 GC heap after
{Heap after GC invocations=9 (full 0):
 garbage-first heap   total 133120K, used 46008K [0x0000000760e00000, 0x0000000800000000)
  region size 2048K, 1 young (2048K), 1 survivors (2048K)
 Metaspace       used 26158K, committed 26432K, reserved 1073152K
  class space    used 3014K, committed 3136K, reserved 1048576K
}
Event: 13.080 GC heap before
{Heap before GC invocations=9 (full 0):
 garbage-first heap   total 133120K, used 91064K [0x0000000760e00000, 0x0000000800000000)
  region size 2048K, 24 young (49152K), 1 survivors (2048K)
 Metaspace       used 28224K, committed 28544K, reserved 1081344K
  class space    used 3234K, committed 3392K, reserved 1048576K
}
Event: 13.091 GC heap after
{Heap after GC invocations=10 (full 0):
 garbage-first heap   total 133120K, used 48079K [0x0000000760e00000, 0x0000000800000000)
  region size 2048K, 2 young (4096K), 2 survivors (4096K)
 Metaspace       used 28224K, committed 28544K, reserved 1081344K
  class space    used 3234K, committed 3392K, reserved 1048576K
}
Event: 14.450 GC heap before
{Heap before GC invocations=11 (full 0):
 garbage-first heap   total 133120K, used 95183K [0x0000000760e00000, 0x0000000800000000)
  region size 2048K, 25 young (51200K), 2 survivors (4096K)
 Metaspace       used 29193K, committed 29504K, reserved 1081344K
  class space    used 3320K, committed 3456K, reserved 1048576K
}
Event: 14.474 GC heap after
{Heap after GC invocations=12 (full 0):
 garbage-first heap   total 133120K, used 50034K [0x0000000760e00000, 0x0000000800000000)
  region size 2048K, 3 young (6144K), 3 survivors (6144K)
 Metaspace       used 29193K, committed 29504K, reserved 1081344K
  class space    used 3320K, committed 3456K, reserved 1048576K
}
Event: 15.145 GC heap before
{Heap before GC invocations=12 (full 0):
 garbage-first heap   total 133120K, used 99186K [0x0000000760e00000, 0x0000000800000000)
  region size 2048K, 27 young (55296K), 3 survivors (6144K)
 Metaspace       used 29370K, committed 29760K, reserved 1081344K
  class space    used 3326K, committed 3520K, reserved 1048576K
}
Event: 15.165 GC heap after
{Heap after GC invocations=13 (full 0):
 garbage-first heap   total 133120K, used 51418K [0x0000000760e00000, 0x0000000800000000)
  region size 2048K, 2 young (4096K), 2 survivors (4096K)
 Metaspace       used 29370K, committed 29760K, reserved 1081344K
  class space    used 3326K, committed 3520K, reserved 1048576K
}
Event: 15.824 GC heap before
{Heap before GC invocations=13 (full 0):
 garbage-first heap   total 133120K, used 100570K [0x0000000760e00000, 0x0000000800000000)
  region size 2048K, 26 young (53248K), 2 survivors (4096K)
 Metaspace       used 29482K, committed 29888K, reserved 1081344K
  class space    used 3326K, committed 3520K, reserved 1048576K
}
Event: 15.837 GC heap after
{Heap after GC invocations=14 (full 0):
 garbage-first heap   total 133120K, used 51431K [0x0000000760e00000, 0x0000000800000000)
  region size 2048K, 2 young (4096K), 2 survivors (4096K)
 Metaspace       used 29482K, committed 29888K, reserved 1081344K
  class space    used 3326K, committed 3520K, reserved 1048576K
}
Event: 18.840 GC heap before
{Heap before GC invocations=14 (full 0):
 garbage-first heap   total 133120K, used 100583K [0x0000000760e00000, 0x0000000800000000)
  region size 2048K, 27 young (55296K), 2 survivors (4096K)
 Metaspace       used 31922K, committed 32256K, reserved 1081344K
  class space    used 3570K, committed 3712K, reserved 1048576K
}

Deoptimization events (20 events):
Event: 18.695 Thread 0x000002357ddf3330 Uncommon trap: trap_request=0xffffffbe fr.pc=0x000002350f439228 relative=0x0000000000001068
Event: 18.695 Thread 0x000002357ddf3330 Uncommon trap: reason=profile_predicate action=maybe_recompile pc=0x000002350f439228 method=java.util.concurrent.ConcurrentHashMap.putAll(Ljava/util/Map;)V @ 28 c2
Event: 18.695 Thread 0x000002357ddf3330 DEOPT PACKING pc=0x000002350f439228 sp=0x000000d49fdfdca0
Event: 18.695 Thread 0x000002357ddf3330 DEOPT UNPACKING pc=0x000002350ed323a3 sp=0x000000d49fdfdc70 mode 2
Event: 18.729 Thread 0x000002357ddf3330 Uncommon trap: trap_request=0xffffff45 fr.pc=0x000002350f4bf394 relative=0x0000000000000334
Event: 18.729 Thread 0x000002357ddf3330 Uncommon trap: reason=unstable_if action=reinterpret pc=0x000002350f4bf394 method=sun.nio.fs.NativeBuffers.getNativeBufferFromCache(I)Lsun/nio/fs/NativeBuffer; @ 18 c2
Event: 18.729 Thread 0x000002357ddf3330 DEOPT PACKING pc=0x000002350f4bf394 sp=0x000000d49fdfd510
Event: 18.729 Thread 0x000002357ddf3330 DEOPT UNPACKING pc=0x000002350ed323a3 sp=0x000000d49fdfd4d8 mode 2
Event: 18.730 Thread 0x000002357ddf3330 Uncommon trap: trap_request=0xffffff45 fr.pc=0x000002350f4c05a8 relative=0x0000000000000348
Event: 18.730 Thread 0x000002357ddf3330 Uncommon trap: reason=unstable_if action=reinterpret pc=0x000002350f4c05a8 method=sun.nio.fs.NativeBuffers.releaseNativeBuffer(Lsun/nio/fs/NativeBuffer;)V @ 35 c2
Event: 18.730 Thread 0x000002357ddf3330 DEOPT PACKING pc=0x000002350f4c05a8 sp=0x000000d49fdfdb50
Event: 18.731 Thread 0x000002357ddf3330 DEOPT UNPACKING pc=0x000002350ed323a3 sp=0x000000d49fdfdb18 mode 2
Event: 18.743 Thread 0x000002357ddf3330 DEOPT PACKING pc=0x000002350810a2d4 sp=0x000000d49fdfce70
Event: 18.743 Thread 0x000002357ddf3330 DEOPT UNPACKING pc=0x000002350ed32b43 sp=0x000000d49fdfc3f0 mode 0
Event: 18.744 Thread 0x000002357ddf3330 DEOPT PACKING pc=0x000002350810a2d4 sp=0x000000d49fdfce70
Event: 18.744 Thread 0x000002357ddf3330 DEOPT UNPACKING pc=0x000002350ed32b43 sp=0x000000d49fdfc3f0 mode 0
Event: 18.763 Thread 0x000002357ddf3330 Uncommon trap: trap_request=0xffffff45 fr.pc=0x000002350f2ad430 relative=0x0000000000000b30
Event: 18.763 Thread 0x000002357ddf3330 Uncommon trap: reason=unstable_if action=reinterpret pc=0x000002350f2ad430 method=java.util.zip.ZipInputStream.read([BII)I @ 29 c2
Event: 18.763 Thread 0x000002357ddf3330 DEOPT PACKING pc=0x000002350f2ad430 sp=0x000000d49fdfce90
Event: 18.763 Thread 0x000002357ddf3330 DEOPT UNPACKING pc=0x000002350ed323a3 sp=0x000000d49fdfce80 mode 2

Classes unloaded (0 events):
No events

Classes redefined (0 events):
No events

Internal exceptions (20 events):
Event: 18.522 Thread 0x000002357ddf3330 Exception <a 'sun/nio/fs/WindowsException'{0x0000000765b0a1e8}> (0x0000000765b0a1e8) 
thrown [s\open\src\hotspot\share\prims\jni.cpp, line 516]
Event: 18.522 Thread 0x000002357ddf3330 Exception <a 'sun/nio/fs/WindowsException'{0x0000000765b0aa68}> (0x0000000765b0aa68) 
thrown [s\open\src\hotspot\share\prims\jni.cpp, line 516]
Event: 18.526 Thread 0x000002357ddf3330 Exception <a 'sun/nio/fs/WindowsException'{0x0000000765b23a08}> (0x0000000765b23a08) 
thrown [s\open\src\hotspot\share\prims\jni.cpp, line 516]
Event: 18.526 Thread 0x000002357ddf3330 Exception <a 'sun/nio/fs/WindowsException'{0x0000000765b240c0}> (0x0000000765b240c0) 
thrown [s\open\src\hotspot\share\prims\jni.cpp, line 516]
Event: 18.526 Thread 0x000002357ddf3330 Exception <a 'sun/nio/fs/WindowsException'{0x0000000765b24940}> (0x0000000765b24940) 
thrown [s\open\src\hotspot\share\prims\jni.cpp, line 516]
Event: 18.529 Thread 0x000002357ddf3330 Exception <a 'sun/nio/fs/WindowsException'{0x0000000765b3d8d0}> (0x0000000765b3d8d0) 
thrown [s\open\src\hotspot\share\prims\jni.cpp, line 516]
Event: 18.529 Thread 0x000002357ddf3330 Exception <a 'sun/nio/fs/WindowsException'{0x0000000765b3df88}> (0x0000000765b3df88) 
thrown [s\open\src\hotspot\share\prims\jni.cpp, line 516]
Event: 18.529 Thread 0x000002357ddf3330 Exception <a 'sun/nio/fs/WindowsException'{0x0000000765b3e808}> (0x0000000765b3e808) 
thrown [s\open\src\hotspot\share\prims\jni.cpp, line 516]
Event: 18.535 Thread 0x000002357ddf3330 Exception <a 'sun/nio/fs/WindowsException'{0x0000000765b57870}> (0x0000000765b57870) 
thrown [s\open\src\hotspot\share\prims\jni.cpp, line 516]
Event: 18.535 Thread 0x000002357ddf3330 Exception <a 'sun/nio/fs/WindowsException'{0x0000000765b57f38}> (0x0000000765b57f38) 
thrown [s\open\src\hotspot\share\prims\jni.cpp, line 516]
Event: 18.535 Thread 0x000002357ddf3330 Exception <a 'sun/nio/fs/WindowsException'{0x0000000765b58810}> (0x0000000765b58810) 
thrown [s\open\src\hotspot\share\prims\jni.cpp, line 516]
Event: 18.540 Thread 0x000002357ddf3330 Exception <a 'sun/nio/fs/WindowsException'{0x0000000765b71af8}> (0x0000000765b71af8) 
thrown [s\open\src\hotspot\share\prims\jni.cpp, line 516]
Event: 18.540 Thread 0x000002357ddf3330 Exception <a 'sun/nio/fs/WindowsException'{0x0000000765b721b0}> (0x0000000765b721b0) 
thrown [s\open\src\hotspot\share\prims\jni.cpp, line 516]
Event: 18.540 Thread 0x000002357ddf3330 Exception <a 'sun/nio/fs/WindowsException'{0x0000000765b72a30}> (0x0000000765b72a30) 
thrown [s\open\src\hotspot\share\prims\jni.cpp, line 516]
Event: 18.544 Thread 0x000002357ddf3330 Exception <a 'sun/nio/fs/WindowsException'{0x0000000765b8b8b0}> (0x0000000765b8b8b0) 
thrown [s\open\src\hotspot\share\prims\jni.cpp, line 516]
Event: 18.545 Thread 0x000002357ddf3330 Exception <a 'sun/nio/fs/WindowsException'{0x0000000765b8bf60}> (0x0000000765b8bf60) 
thrown [s\open\src\hotspot\share\prims\jni.cpp, line 516]
Event: 18.545 Thread 0x000002357ddf3330 Exception <a 'sun/nio/fs/WindowsException'{0x0000000765b8c7a8}> (0x0000000765b8c7a8) 
thrown [s\open\src\hotspot\share\prims\jni.cpp, line 516]
Event: 18.728 Thread 0x000002357ddf3330 Exception <a 'sun/nio/fs/WindowsException'{0x00000007659a9998}> (0x00000007659a9998) 
thrown [s\open\src\hotspot\share\prims\jni.cpp, line 516]
Event: 18.728 Thread 0x000002357ddf3330 Exception <a 'sun/nio/fs/WindowsException'{0x00000007659a9fd8}> (0x00000007659a9fd8) 
thrown [s\open\src\hotspot\share\prims\jni.cpp, line 516]
Event: 18.733 Thread 0x000002357ddf3330 Exception <a 'sun/nio/fs/WindowsException'{0x00000007659bda28}> (0x00000007659bda28) 
thrown [s\open\src\hotspot\share\prims\jni.cpp, line 516]

VM Operations (20 events):
Event: 17.048 Executing VM operation: HandshakeAllThreads done
Event: 17.060 Executing VM operation: HandshakeAllThreads
Event: 17.060 Executing VM operation: HandshakeAllThreads done
Event: 17.132 Executing VM operation: ICBufferFull
Event: 17.132 Executing VM operation: ICBufferFull done
Event: 17.825 Executing VM operation: ICBufferFull
Event: 17.825 Executing VM operation: ICBufferFull done
Event: 17.845 Executing VM operation: HandshakeAllThreads
Event: 17.845 Executing VM operation: HandshakeAllThreads done
Event: 18.227 Executing VM operation: ICBufferFull
Event: 18.228 Executing VM operation: ICBufferFull done
Event: 18.259 Executing VM operation: HandshakeAllThreads
Event: 18.259 Executing VM operation: HandshakeAllThreads done
Event: 18.263 Executing VM operation: HandshakeAllThreads
Event: 18.263 Executing VM operation: HandshakeAllThreads done
Event: 18.265 Executing VM operation: HandshakeAllThreads
Event: 18.265 Executing VM operation: HandshakeAllThreads done
Event: 18.428 Executing VM operation: ICBufferFull
Event: 18.429 Executing VM operation: ICBufferFull done
Event: 18.840 Executing VM operation: G1CollectForAllocation

Events (20 events):
Event: 17.089 loading class java/util/EnumMap$EntrySet
Event: 17.089 loading class java/util/EnumMap$EntrySet done
Event: 17.089 loading class java/util/EnumMap$EntryIterator
Event: 17.089 loading class java/util/EnumMap$EnumMapIterator
Event: 17.089 loading class java/util/EnumMap$EnumMapIterator done
Event: 17.089 loading class java/util/EnumMap$EntryIterator done
Event: 17.089 loading class java/util/EnumMap$EntryIterator$Entry
Event: 17.089 loading class java/util/EnumMap$EntryIterator$Entry done
Event: 18.255 loading class java/util/stream/ReduceOps$2
Event: 18.255 loading class java/util/stream/ReduceOps$2 done
Event: 18.255 loading class java/util/stream/ReduceOps$2ReducingSink
Event: 18.255 loading class java/util/stream/ReduceOps$2ReducingSink done
Event: 18.547 loading class java/util/EnumMap$Values
Event: 18.547 loading class java/util/EnumMap$Values done
Event: 18.547 loading class java/util/EnumMap$ValueIterator
Event: 18.547 loading class java/util/EnumMap$ValueIterator done
Event: 18.553 loading class java/util/WeakHashMap$KeyIterator
Event: 18.553 loading class java/util/WeakHashMap$KeyIterator done
Event: 18.560 loading class java/text/MessageFormat$Field
Event: 18.560 loading class java/text/MessageFormat$Field done


Dynamic libraries:
0x00007ff796800000 - 0x00007ff796810000 	C:\Program Files\Java\jdk-17\bin\java.exe
0x00007fff8d5d0000 - 0x00007fff8d7e7000 	C:\WINDOWS\SYSTEM32\ntdll.dll
0x00007fff8bb90000 - 0x00007fff8bc54000 	C:\WINDOWS\System32\KERNEL32.DLL
0x00007fff8a8f0000 - 0x00007fff8ac97000 	C:\WINDOWS\System32\KERNELBASE.dll
0x00007fff8afc0000 - 0x00007fff8b0d1000 	C:\WINDOWS\System32\ucrtbase.dll
0x00007fff79a30000 - 0x00007fff79a49000 	C:\Program Files\Java\jdk-17\bin\jli.dll
0x00007fff8c770000 - 0x00007fff8c822000 	C:\WINDOWS\System32\ADVAPI32.dll
0x00007fff8bd10000 - 0x00007fff8bdb7000 	C:\WINDOWS\System32\msvcrt.dll
0x00007fff8d480000 - 0x00007fff8d528000 	C:\WINDOWS\System32\sechost.dll
0x00007fff8b2d0000 - 0x00007fff8b2f8000 	C:\WINDOWS\System32\bcrypt.dll
0x00007fff8b7f0000 - 0x00007fff8b905000 	C:\WINDOWS\System32\RPCRT4.dll
0x00007fff8bfe0000 - 0x00007fff8c18e000 	C:\WINDOWS\System32\USER32.dll
0x00007fff8b0e0000 - 0x00007fff8b106000 	C:\WINDOWS\System32\win32u.dll
0x00007fff8ba50000 - 0x00007fff8ba79000 	C:\WINDOWS\System32\GDI32.dll
0x00007fff8b110000 - 0x00007fff8b229000 	C:\WINDOWS\System32\gdi32full.dll
0x00007fff8b230000 - 0x00007fff8b2ca000 	C:\WINDOWS\System32\msvcp_win.dll
0x00007fff77d50000 - 0x00007fff77d6b000 	C:\Program Files\Java\jdk-17\bin\VCRUNTIME140.dll
0x00007fff7b7e0000 - 0x00007fff7ba73000 	C:\WINDOWS\WinSxS\amd64_microsoft.windows.common-controls_6595b64144ccf1df_6.0.22621.3527_none_270e469b73872a76\COMCTL32.dll
0x00007fff82a00000 - 0x00007fff82a0a000 	C:\WINDOWS\SYSTEM32\VERSION.dll
0x00007fff8c9e0000 - 0x00007fff8ca11000 	C:\WINDOWS\System32\IMM32.DLL
0x00007fff7b200000 - 0x00007fff7b20c000 	C:\Program Files\Java\jdk-17\bin\vcruntime140_1.dll
0x00007fff6da40000 - 0x00007fff6dace000 	C:\Program Files\Java\jdk-17\bin\msvcp140.dll
0x00007ffeff8f0000 - 0x00007fff004cd000 	C:\Program Files\Java\jdk-17\bin\server\jvm.dll
0x00007fff8c850000 - 0x00007fff8c858000 	C:\WINDOWS\System32\PSAPI.DLL
0x00007fff7bb00000 - 0x00007fff7bb09000 	C:\WINDOWS\SYSTEM32\WSOCK32.dll
0x00007fff8c190000 - 0x00007fff8c201000 	C:\WINDOWS\System32\WS2_32.dll
0x00007fff82330000 - 0x00007fff82364000 	C:\WINDOWS\SYSTEM32\WINMM.dll
0x00007fff89910000 - 0x00007fff89928000 	C:\WINDOWS\SYSTEM32\kernel.appcore.dll
0x00007fff77ba0000 - 0x00007fff77baa000 	C:\Program Files\Java\jdk-17\bin\jimage.dll
0x00007fff70bf0000 - 0x00007fff70e22000 	C:\WINDOWS\SYSTEM32\DBGHELP.DLL
0x00007fff8c220000 - 0x00007fff8c5a8000 	C:\WINDOWS\System32\combase.dll
0x00007fff8b910000 - 0x00007fff8b9e7000 	C:\WINDOWS\System32\OLEAUT32.dll
0x00007fff71640000 - 0x00007fff71672000 	C:\WINDOWS\SYSTEM32\dbgcore.DLL
0x00007fff8ae10000 - 0x00007fff8ae89000 	C:\WINDOWS\System32\bcryptPrimitives.dll
0x00007fff74cb0000 - 0x00007fff74cd5000 	C:\Program Files\Java\jdk-17\bin\java.dll
0x00007fff6d150000 - 0x00007fff6d227000 	C:\Program Files\Java\jdk-17\bin\jsvml.dll
0x00007fff8ca70000 - 0x00007fff8d2cc000 	C:\WINDOWS\System32\SHELL32.dll
0x00007fff88830000 - 0x00007fff89126000 	C:\WINDOWS\SYSTEM32\windows.storage.dll
0x00007fff886f0000 - 0x00007fff8882e000 	C:\WINDOWS\SYSTEM32\wintypes.dll
0x00007fff8bec0000 - 0x00007fff8bfb5000 	C:\WINDOWS\System32\SHCORE.dll
0x00007fff8d530000 - 0x00007fff8d58e000 	C:\WINDOWS\System32\shlwapi.dll
0x00007fff8a820000 - 0x00007fff8a841000 	C:\WINDOWS\SYSTEM32\profapi.dll
0x00007fff77b80000 - 0x00007fff77b99000 	C:\Program Files\Java\jdk-17\bin\net.dll
0x00007fff81780000 - 0x00007fff818b6000 	C:\WINDOWS\SYSTEM32\WINHTTP.dll
0x00007fff89d80000 - 0x00007fff89de9000 	C:\WINDOWS\system32\mswsock.dll
0x00007fff747e0000 - 0x00007fff747f6000 	C:\Program Files\Java\jdk-17\bin\nio.dll
0x00007fff71b00000 - 0x00007fff71b18000 	C:\Program Files\Java\jdk-17\bin\zip.dll
0x0000000069ac0000 - 0x0000000069ae4000 	C:\apache-maven-3.9.3\lib\jansi-native\Windows\x86_64\jansi.dll
0x00007fff777b0000 - 0x00007fff777c0000 	C:\Program Files\Java\jdk-17\bin\verify.dll

dbghelp: loaded successfully - version: 4.0.5 - missing functions: none
symbol engine: initialized successfully - sym options: 0x614 - pdb path: .;C:\Program Files\Java\jdk-17\bin;C:\WINDOWS\SYSTEM32;C:\WINDOWS\WinSxS\amd64_microsoft.windows.common-controls_6595b64144ccf1df_6.0.22621.3527_none_270e469b73872a76;C:\Program Files\Java\jdk-17\bin\server;C:\apache-maven-3.9.3\lib\jansi-native\Windows\x86_64

VM Arguments:
jvm_args: -Dclassworlds.conf=C:\apache-maven-3.9.3\bin\m2.conf -Dmaven.home=C:\apache-maven-3.9.3 -Dlibrary.jansi.path=C:\apache-maven-3.9.3\lib\jansi-native -Dmaven.multiModuleProjectDirectory=D:\webService\webService 
java_command: org.codehaus.plexus.classworlds.launcher.Launcher clean install
java_class_path (initial): C:\apache-maven-3.9.3\boot\plexus-classworlds-2.7.0.jar
Launcher Type: SUN_STANDARD

[Global flags]
     intx CICompilerCount                          = 2                                         {product} {ergonomic}
     uint ConcGCThreads                            = 1                                         {product} {ergonomic}
     uint G1ConcRefinementThreads                  = 3                                         {product} {ergonomic}
   size_t G1HeapRegionSize                         = 2097152                                   {product} {ergonomic}
    uintx GCDrainStackTargetSize                   = 64                                        {product} {ergonomic}
   size_t InitialHeapSize                          = 167772160                                 {product} {ergonomic}
   size_t MarkStackSize                            = 4194304                                   {product} {ergonomic}
   size_t MaxHeapSize                              = 2669674496                                {product} {ergonomic}
   size_t MaxNewSize                               = 1600126976                                {product} {ergonomic}
   size_t MinHeapDeltaBytes                        = 2097152                                   {product} {ergonomic}
   size_t MinHeapSize                              = 8388608                                   {product} {ergonomic}
    uintx NonNMethodCodeHeapSize                   = 5826188                                {pd product} {ergonomic}
    uintx NonProfiledCodeHeapSize                  = 122916026                              {pd product} {ergonomic}
    uintx ProfiledCodeHeapSize                     = 122916026                              {pd product} {ergonomic}
    uintx ReservedCodeCacheSize                    = 251658240                              {pd product} {ergonomic}
     bool SegmentedCodeCache                       = true                                      {product} {ergonomic}
   size_t SoftMaxHeapSize                          = 2669674496                             {manageable} {ergonomic}
     bool UseCompressedClassPointers               = true                           {product lp64_product} {ergonomic}
     bool UseCompressedOops                        = true                           {product lp64_product} {ergonomic}
     bool UseG1GC                                  = true                                      {product} {ergonomic}
     bool UseLargePagesIndividualAllocation        = false                                  {pd product} {ergonomic}

Logging:
Log output configuration:
 #0: stdout all=warning uptime,level,tags
 #1: stderr all=off uptime,level,tags

Environment Variables:
JAVA_HOME=C:\Program Files\Java\jdk-17
PATH=C:\Python312\Scripts\;C:\Python312\;C:\Program Files (x86)\NVIDIA Corporation\PhysX\Common;C:\Program Files\Common Files\Oracle\Java\javapath;C:\Program Files (x86)\Common Files\Oracle\Java\javapath;C:\ProgramData\Oracle\Java\javapath;C:\Program Files\dotnet\;"C:\Python34\;C:\Python34\Lib\site-pa";C:\Program Files\Microsoft SQL Server\150\Tools\Binn\;C:\Program Files\Microsoft SQL Server\Client SDK\ODBC\170\Tools\Binn\;C:\Flutter\flutter\bin;C:\Windows\System32;C:\Windows\System32\WindowsPowerShell\v1.0;D:\openshift-client-windows;D:\Flutter1\flutter\bin;C:\Program Files\Java\jdk-17;C:\apache-maven-3.9.3\bin;C:\Program Files (x86)\Microsoft SQL Server\160\DTS\Binn\;C:\Program Files\Azure Data Studio\bin;C:\Program Files (x86)\Microsoft SQL Server\160\Tools\Binn\;C:\Program Files\Microsoft SQL Server\160\Tools\Binn\;C:\Program Files\Microsoft SQL Server\160\DTS\Binn\;C:\Program Files\Microsoft SQL Server\130\DTS\Binn\;C:\Program Files\Microsoft SQL Server\140\DTS\Binn\;C:\Program Files\Microsoft SQL Server\150\DTS\Binn\;C:\xampp\php;D:\composer;D:\jdk-21.0.2\bin;D:\Program Files\Git\cmd;D:\Program Files\nodejs\;C:\ProgramData\chocolatey\bin;C:\Users\adral\AppData\Local\Programs\Python\Python311\Scripts\;C:\Users\adral\AppData\Local\Programs\Python\Python311\;C:\Users\adral\AppData\Local\Programs\Microsoft VS Code\bin;C:\Users\adral\.dotnet\tools;"C:\Python34\;C:\Python34\Lib\site-pa";C:\Program Files\Git\bin;D:\Program Files\JetBrains\IntelliJ IDEA Community Edition 2023.3.6\bin;;C:\Windows\System32;C:\Windows\System32\WindowsPowerShell\v1.0;D:\openshift-client-windows;C:\apache-maven-3.9.3\bin;D:\flutter\bin;C:\Program Files\Azure Data Studio\bin;D:\Program Files\JetBrains\IntelliJ IDEA 2023.3.4\bin;;C:\Users\adral\AppData\Roaming\Composer\vendor\bin;D:\MingW\bin;D:\jdk-21.0.2\bin;C:\Users\adral\AppData\Roaming\npm
USERNAME=adral
OS=Windows_NT
PROCESSOR_IDENTIFIER=AMD64 Family 23 Model 24 Stepping 1, AuthenticAMD



---------------  S Y S T E M  ---------------

OS:
 Windows 11 , 64 bit Build 22621 (10.0.22621.3527)
OS uptime: 2 days 9:48 hours

CPU: total 3 (initial active 3) (4 cores per cpu, 2 threads per core) family 23 model 24 stepping 1 microcode 0x0, cx8, cmov, fxsr, ht, mmx, 3dnowpref, sse, sse2, sse3, ssse3, sse4a, sse4.1, sse4.2, popcnt, lzcnt, tsc, tscinvbit, avx, avx2, aes, clmul, bmi1, bmi2, adx, sha, fma, vzeroupper, clflush, clflushopt

Memory: 4k page, system-wide physical 10178M (1384M free)
TotalPageFile size 14850M (AvailPageFile size 22M)
current process WorkingSet (physical memory assigned to process): 261M, peak: 270M
current process commit charge ("private bytes"): 322M, peak: 415M

vm_info: Java HotSpot(TM) 64-Bit Server VM (17.0.7+8-LTS-224) for windows-amd64 JRE (17.0.7+8-LTS-224), built on Feb 28 2023 23:03:02 by "mach5one" with MS VC++ 17.1 (VS2022)

END.
