#
# There is insufficient memory for the Java Runtime Environment to continue.
# Native memory allocation (mmap) failed to map 167772160 bytes for G1 virtual space
# Possible reasons:
#   The system is out of physical RAM or swap space
#   The process is running with CompressedOops enabled, and the Java Heap may be blocking the growth of the native heap
# Possible solutions:
#   Reduce memory load on the system
#   Increase physical memory or swap space
#   Check if swap backing store is full
#   Decrease Java heap size (-Xmx/-Xms)
#   Decrease number of Java threads
#   Decrease Java thread stack sizes (-Xss)
#   Set larger code cache with -XX:ReservedCodeCacheSize=
#   JVM is running with Zero Based Compressed Oops mode in which the Java heap is
#     placed in the first 32GB address space. The Java Heap base address is the
#     maximum limit for the native heap growth. Please use -XX:HeapBaseMinAddress
#     to set the Java Heap base and to place the Java Heap above 32GB virtual address.
# This output file may be truncated or incomplete.
#
#  Out of Memory Error (os_windows.cpp:3550), pid=8452, tid=12608
#
# JRE version:  (17.0.7+8) (build )
# Java VM: Java HotSpot(TM) 64-Bit Server VM (17.0.7+8-LTS-224, mixed mode, sharing, tiered, compressed oops, compressed class ptrs, g1 gc, windows-amd64)
# No core dump will be written. Minidumps are not enabled by default on client versions of Windows
#

---------------  S U M M A R Y ------------

Command Line: -Dnet.bytebuddy.agent.attacher.dump= net.bytebuddy.agent.Attacher com.sun.tools.attach.VirtualMachine 14632 C:\Users\adral\.m2\repository\net\bytebuddy\byte-buddy-agent\1.14.16\byte-buddy-agent-1.14.16.jar false 

Host: AMD Ryzen 3 3200U with Radeon Vega Mobile Gfx  , 3 cores, 9G,  Windows 11 , 64 bit Build 22621 (10.0.22621.3527)
Time: Fri Jun  7 12:35:08 2024 Paris, Madrid (heure duild 22621 (10.0.22621.3527) elapsed time: 0.019070 seconds (0d 0h 0m 0s)

---------------  T H R E A D  ---------------

Current thread (0x0000025bc1344640):  JavaThread "Unknown thread" [_thread_in_vm, id=12608, stack(0x0000006480300000,0x0000006480400000)]

Stack: [0x0000006480300000,0x0000006480400000]
Native frames: (J=compiled Java code, j=interpreted, Vv=VM code, C=native code)
V  [jvm.dll+0x676a4a]
V  [jvm.dll+0x7d74f4]
V  [jvm.dll+0x7d8c9e]
V  [jvm.dll+0x7d9303]
V  [jvm.dll+0x2452c5]
V  [jvm.dll+0x6738f9]
V  [jvm.dll+0x668232]
V  [jvm.dll+0x302826]
V  [jvm.dll+0x309da6]
V  [jvm.dll+0x35952e]
V  [jvm.dll+0x35975f]
V  [jvm.dll+0x2d9a38]
V  [jvm.dll+0x2da9a4]
V  [jvm.dll+0x7a8fb1]
V  [jvm.dll+0x3670e1]
V  [jvm.dll+0x788359]
V  [jvm.dll+0x3ea5ef]
V  [jvm.dll+0x3ec071]
C  [jli.dll+0x5297]
C  [ucrtbase.dll+0x29333]
C  [KERNEL32.DLL+0x1257d]
C  [ntdll.dll+0x5aa48]


---------------  P R O C E S S  ---------------

Threads class SMR info:
_java_thread_list=0x00007fff003a4998, length=0, elements={
}

Java Threads: ( => current thread )

Other Threads:
  0x0000025bc1392860 GCTaskThread "GC Thread#0" [stack: 0x0000006480400000,0x0000006480500000] [id=2916]
  0x0000025bc139d6b0 ConcurrentGCThread "G1 Main Marker" [stack: 0x0000006480500000,0x0000006480600000] [id=6932]
  0x0000025bc139f0d0 ConcurrentGCThread "G1 Conc#0" [stack: 0x0000006480600000,0x0000006480700000] [id=13468]

[error occurred during error reporting (printing all threads), id 0xc0000005, EXCEPTION_ACCESS_VIOLATION (0xc0000005) at pc=0x00007ffeffbda697]

VM state: not at safepoint (not fully initialized)

VM Mutex/Monitor currently owned by a thread:  ([mutex/lock_event])
[0x0000025bc13417b0] Heap_lock - owner thread: 0x0000025bc1344640

Heap address: 0x0000000760e00000, size: 2546 MB, Compressed Oops mode: Zero based, Oop shift amount: 3

CDS archive(s) mapped at: [0x0000000000000000-0x0000000000000000-0x0000000000000000), size 0, SharedBaseAddress: 0x0000000800000000, ArchiveRelocationMode: 0.
Narrow klass base: 0x0000000000000000, Narrow klass shift: 0, Narrow klass range: 0x0

GC Precious Log:
<Empty>

Heap:
 garbage-first heap   total 0K, used 0K [0x0000000760e00000, 0x0000000800000000)
  region size 2048K, 0 young (0K), 0 survivors (0K)

[error occurred during error reporting (printing heap information), id 0xc0000005, EXCEPTION_ACCESS_VIOLATION (0xc0000005) at pc=0x00007ffefffc00b9]

GC Heap History (0 events):
No events

Deoptimization events (0 events):
No events

Classes unloaded (0 events):
No events

Classes redefined (0 events):
No events

Internal exceptions (0 events):
No events

VM Operations (0 events):
No events

Events (1 events):
Event: 0.012 Loaded shared library C:\Program Files\Java\jdk-17\bin\java.dll


Dynamic libraries:
0x00007ff796800000 - 0x00007ff796810000 	C:\Program Files\Java\jdk-17\bin\java.exe
0x00007fff8d5d0000 - 0x00007fff8d7e7000 	C:\WINDOWS\SYSTEM32\ntdll.dll
0x00007fff8bb90000 - 0x00007fff8bc54000 	C:\WINDOWS\System32\KERNEL32.DLL
0x00007fff8a8f0000 - 0x00007fff8ac97000 	C:\WINDOWS\System32\KERNELBASE.dll
0x00007fff8afc0000 - 0x00007fff8b0d1000 	C:\WINDOWS\System32\ucrtbase.dll
0x00007fff85c10000 - 0x00007fff85c29000 	C:\Program Files\Java\jdk-17\bin\jli.dll
0x00007fff8c770000 - 0x00007fff8c822000 	C:\WINDOWS\System32\ADVAPI32.dll
0x00007fff8bd10000 - 0x00007fff8bdb7000 	C:\WINDOWS\System32\msvcrt.dll
0x00007fff8d480000 - 0x00007fff8d528000 	C:\WINDOWS\System32\sechost.dll
0x00007fff8b2d0000 - 0x00007fff8b2f8000 	C:\WINDOWS\System32\bcrypt.dll
0x00007fff8b7f0000 - 0x00007fff8b905000 	C:\WINDOWS\System32\RPCRT4.dll
0x00007fff8bfe0000 - 0x00007fff8c18e000 	C:\WINDOWS\System32\USER32.dll
0x00007fff8b0e0000 - 0x00007fff8b106000 	C:\WINDOWS\System32\win32u.dll
0x00007fff8ba50000 - 0x00007fff8ba79000 	C:\WINDOWS\System32\GDI32.dll
0x00007fff8b110000 - 0x00007fff8b229000 	C:\WINDOWS\System32\gdi32full.dll
0x00007fff8b230000 - 0x00007fff8b2ca000 	C:\WINDOWS\System32\msvcp_win.dll
0x00007fff85c90000 - 0x00007fff85cab000 	C:\Program Files\Java\jdk-17\bin\VCRUNTIME140.dll
0x00007fff7b7e0000 - 0x00007fff7ba73000 	C:\WINDOWS\WinSxS\amd64_microsoft.windows.common-controls_6595b64144ccf1df_6.0.22621.3527_none_270e469b73872a76\COMCTL32.dll
0x00007fff82a00000 - 0x00007fff82a0a000 	C:\WINDOWS\SYSTEM32\VERSION.dll
0x00007fff8c9e0000 - 0x00007fff8ca11000 	C:\WINDOWS\System32\IMM32.DLL
0x00007fff85c00000 - 0x00007fff85c0c000 	C:\Program Files\Java\jdk-17\bin\vcruntime140_1.dll
0x00007fff6da90000 - 0x00007fff6db1e000 	C:\Program Files\Java\jdk-17\bin\msvcp140.dll
0x00007ffeff8f0000 - 0x00007fff004cd000 	C:\Program Files\Java\jdk-17\bin\server\jvm.dll
0x00007fff8c850000 - 0x00007fff8c858000 	C:\WINDOWS\System32\PSAPI.DLL
0x00007fff82330000 - 0x00007fff82364000 	C:\WINDOWS\SYSTEM32\WINMM.dll
0x00007fff7bb00000 - 0x00007fff7bb09000 	C:\WINDOWS\SYSTEM32\WSOCK32.dll
0x00007fff8c190000 - 0x00007fff8c201000 	C:\WINDOWS\System32\WS2_32.dll
0x00007fff89910000 - 0x00007fff89928000 	C:\WINDOWS\SYSTEM32\kernel.appcore.dll
0x00007fff7baf0000 - 0x00007fff7bafa000 	C:\Program Files\Java\jdk-17\bin\jimage.dll
0x00007fff70bf0000 - 0x00007fff70e22000 	C:\WINDOWS\SYSTEM32\DBGHELP.DLL
0x00007fff8c220000 - 0x00007fff8c5a8000 	C:\WINDOWS\System32\combase.dll
0x00007fff8b910000 - 0x00007fff8b9e7000 	C:\WINDOWS\System32\OLEAUT32.dll
0x00007fff71640000 - 0x00007fff71672000 	C:\WINDOWS\SYSTEM32\dbgcore.DLL
0x00007fff8ae10000 - 0x00007fff8ae89000 	C:\WINDOWS\System32\bcryptPrimitives.dll
0x00007fff7b200000 - 0x00007fff7b225000 	C:\Program Files\Java\jdk-17\bin\java.dll

dbghelp: loaded successfully - version: 4.0.5 - missing functions: none
symbol engine: initialized successfully - sym options: 0x614 - pdb path: .;C:\Program Files\Java\jdk-17\bin;C:\WINDOWS\SYSTEM32;C:\WINDOWS\WinSxS\amd64_microsoft.windows.common-controls_6595b64144ccf1df_6.0.22621.3527_none_270e469b73872a76;C:\Program Files\Java\jdk-17\bin\server

VM Arguments:
jvm_args: -Dnet.bytebuddy.agent.attacher.dump= 
java_command: net.bytebuddy.agent.Attacher com.sun.tools.attach.VirtualMachine 14632 C:\Users\adral\.m2\repository\net\bytebuddy\byte-buddy-agent\1.14.16\byte-buddy-agent-1.14.16.jar false 
java_class_path (initial): C:\Users\adral\.m2\repository\net\bytebuddy\byte-buddy-agent\1.14.16\byte-buddy-agent-1.14.16.jar
Launcher Type: SUN_STANDARD

[Global flags]
     intx CICompilerCount                          = 2                                         {product} {ergonomic}
     uint ConcGCThreads                            = 1                                         {product} {ergonomic}
     uint G1ConcRefinementThreads                  = 3                                         {product} {ergonomic}
   size_t G1HeapRegionSize                         = 2097152                                   {product} {ergonomic}
    uintx GCDrainStackTargetSize                   = 64                                        {product} {ergonomic}
   size_t InitialHeapSize                          = 167772160                                 {product} {ergonomic}
   size_t MarkStackSize                            = 4194304                                   {product} {ergonomic}
   size_t MaxHeapSize                              = 2669674496                                {product} {ergonomic}
   size_t MinHeapDeltaBytes                        = 2097152                                   {product} {ergonomic}
   size_t MinHeapSize                              = 8388608                                   {product} {ergonomic}
    uintx NonNMethodCodeHeapSize                   = 5826188                                {pd product} {ergonomic}
    uintx NonProfiledCodeHeapSize                  = 122916026                              {pd product} {ergonomic}
    uintx ProfiledCodeHeapSize                     = 122916026                              {pd product} {ergonomic}
    uintx ReservedCodeCacheSize                    = 251658240                              {pd product} {ergonomic}
     bool SegmentedCodeCache                       = true                                      {product} {ergonomic}
   size_t SoftMaxHeapSize                          = 2669674496                             {manageable} {ergonomic}
     bool UseCompressedClassPointers               = true                           {product lp64_product} {ergonomic}
     bool UseCompressedOops                        = true                           {product lp64_product} {ergonomic}
     bool UseG1GC                                  = true                                      {product} {ergonomic}
     bool UseLargePagesIndividualAllocation        = false                                  {pd product} {ergonomic}

Logging:
Log output configuration:
 #0: stdout all=warning uptime,level,tags
 #1: stderr all=off uptime,level,tags

Environment Variables:
JAVA_HOME=C:\Program Files\Java\jdk-17
PATH=C:\Python312\Scripts\;C:\Python312\;C:\Program Files (x86)\NVIDIA Corporation\PhysX\Common;C:\Program Files\Common Files\Oracle\Java\javapath;C:\Program Files (x86)\Common Files\Oracle\Java\javapath;C:\ProgramData\Oracle\Java\javapath;C:\Program Files\dotnet\;"C:\Python34\;C:\Python34\Lib\site-pa";C:\Program Files\Microsoft SQL Server\150\Tools\Binn\;C:\Program Files\Microsoft SQL Server\Client SDK\ODBC\170\Tools\Binn\;C:\Flutter\flutter\bin;C:\Windows\System32;C:\Windows\System32\WindowsPowerShell\v1.0;D:\openshift-client-windows;D:\Flutter1\flutter\bin;C:\Program Files\Java\jdk-17;C:\apache-maven-3.9.3\bin;C:\Program Files (x86)\Microsoft SQL Server\160\DTS\Binn\;C:\Program Files\Azure Data Studio\bin;C:\Program Files (x86)\Microsoft SQL Server\160\Tools\Binn\;C:\Program Files\Microsoft SQL Server\160\Tools\Binn\;C:\Program Files\Microsoft SQL Server\160\DTS\Binn\;C:\Program Files\Microsoft SQL Server\130\DTS\Binn\;C:\Program Files\Microsoft SQL Server\140\DTS\Binn\;C:\Program Files\Microsoft SQL Server\150\DTS\Binn\;C:\xampp\php;D:\composer;D:\jdk-21.0.2\bin;D:\Program Files\Git\cmd;D:\Program Files\nodejs\;C:\ProgramData\chocolatey\bin;C:\Users\adral\AppData\Local\Programs\Python\Python311\Scripts\;C:\Users\adral\AppData\Local\Programs\Python\Python311\;C:\Users\adral\AppData\Local\Programs\Microsoft VS Code\bin;C:\Users\adral\.dotnet\tools;"C:\Python34\;C:\Python34\Lib\site-pa";C:\Program Files\Git\bin;D:\Program Files\JetBrains\IntelliJ IDEA Community Edition 2023.3.6\bin;;C:\Windows\System32;C:\Windows\System32\WindowsPowerShell\v1.0;D:\openshift-client-windows;C:\apache-maven-3.9.3\bin;D:\flutter\bin;C:\Program Files\Azure Data Studio\bin;D:\Program Files\JetBrains\IntelliJ IDEA 2023.3.4\bin;;C:\Users\adral\AppData\Roaming\Composer\vendor\bin;D:\MingW\bin;D:\jdk-21.0.2\bin;C:\Users\adral\AppData\Roaming\npm
USERNAME=adral
OS=Windows_NT
PROCESSOR_IDENTIFIER=AMD64 Family 23 Model 24 Stepping 1, AuthenticAMD



---------------  S Y S T E M  ---------------

OS:
 Windows 11 , 64 bit Build 22621 (10.0.22621.3527)
OS uptime: 2 days 9:32 hours

CPU: total 3 (initial active 3) (4 cores per cpu, 2 threads per core) family 23 model 24 stepping 1 microcode 0x0, cx8, cmov, fxsr, ht, mmx, 3dnowpref, sse, sse2, sse3, ssse3, sse4a, sse4.1, sse4.2, popcnt, lzcnt, tsc, tscinvbit, avx, avx2, aes, clmul, bmi1, bmi2, adx, sha, fma, vzeroupper, clflush, clflushopt

Memory: 4k page, system-wide physical 10178M (1035M free)
TotalPageFile size 14850M (AvailPageFile size 137M)
current process WorkingSet (physical memory assigned to process): 11M, peak: 11M
current process commit charge ("private bytes"): 49M, peak: 209M

vm_info: Java HotSpot(TM) 64-Bit Server VM (17.0.7+8-LTS-224) for windows-amd64 JRE (17.0.7+8-LTS-224), built on Feb 28 2023 23:03:02 by "mach5one" with MS VC++ 17.1 (VS2022)

END.
